app/build/intermediates/manifest_merge_blame_file/debug/processDebugMainManifest/manifest-merger-blame-debug-report.txt
1<?xml version="1.0" encoding="utf-8"?>
2<manifest xmlns:android="http://schemas.android.com/apk/res/android"
3    package="com.example.sabayhonorianapp"
4    android:versionCode="1"
5    android:versionName="1.0" >
6
7    <uses-sdk
8        android:minSdkVersion="24"
9        android:targetSdkVersion="34" />
10
11    <uses-permission android:name="android.permission.ACCESS_FINE_LOCATION" />
11-->src\main\AndroidManifest.xml:5:5-79
11-->src\main\AndroidManifest.xml:5:22-76
12    <uses-permission android:name="android.permission.ACCESS_COARSE_LOCATION" />
12-->src\main\AndroidManifest.xml:6:5-81
12-->src\main\AndroidManifest.xml:6:22-78
13    <uses-permission android:name="android.permission.INTERNET" />
13-->src\main\AndroidManifest.xml:7:5-67
13-->src\main\AndroidManifest.xml:7:22-64
14    <uses-permission android:name="android.permission.READ_EXTERNAL_STORAGE" />
14-->src\main\AndroidManifest.xml:8:5-80
14-->src\main\AndroidManifest.xml:8:22-77
15    <uses-permission android:name="android.permission.ACCESS_NETWORK_STATE" />
15-->[com.google.firebase:firebase-auth:23.0.0] AndroidManifest.xml:26:5-79
15-->[com.google.firebase:firebase-auth:23.0.0] AndroidManifest.xml:26:22-76
16
17    <uses-feature
17-->[com.google.android.gms:play-services-maps:19.0.0] AndroidManifest.xml:26:5-28:35
18        android:glEsVersion="0x00020000"
18-->[com.google.android.gms:play-services-maps:19.0.0] AndroidManifest.xml:27:9-41
19        android:required="true" />
19-->[com.google.android.gms:play-services-maps:19.0.0] AndroidManifest.xml:28:9-32
20
21    <queries>
21-->[com.google.android.gms:play-services-maps:19.0.0] AndroidManifest.xml:30:5-34:15
22
23        <!-- Needs to be explicitly declared on Android R+ -->
24        <package android:name="com.google.android.apps.maps" />
24-->[com.google.android.gms:play-services-maps:19.0.0] AndroidManifest.xml:33:9-64
24-->[com.google.android.gms:play-services-maps:19.0.0] AndroidManifest.xml:33:18-61
25    </queries>
26
27    <uses-permission android:name="android.permission.FOREGROUND_SERVICE" />
27-->[com.mapbox.navigation:core:2.19.0] AndroidManifest.xml:12:5-77
27-->[com.mapbox.navigation:core:2.19.0] AndroidManifest.xml:12:22-74
28    <uses-permission android:name="android.permission.FOREGROUND_SERVICE_LOCATION" />
28-->[com.mapbox.navigation:core:2.19.0] AndroidManifest.xml:13:5-86
28-->[com.mapbox.navigation:core:2.19.0] AndroidManifest.xml:13:22-83
29    <uses-permission android:name="android.permission.POST_NOTIFICATIONS" />
29-->[com.mapbox.navigation:core:2.19.0] AndroidManifest.xml:14:5-77
29-->[com.mapbox.navigation:core:2.19.0] AndroidManifest.xml:14:22-74
30    <uses-permission android:name="com.google.android.providers.gsf.permission.READ_GSERVICES" />
30-->[com.google.android.recaptcha:recaptcha:18.4.0] AndroidManifest.xml:9:5-98
30-->[com.google.android.recaptcha:recaptcha:18.4.0] AndroidManifest.xml:9:22-95
31    <uses-permission android:name="android.permission.WAKE_LOCK" />
31-->[androidx.work:work-runtime:2.7.0] AndroidManifest.xml:25:5-68
31-->[androidx.work:work-runtime:2.7.0] AndroidManifest.xml:25:22-65
32    <uses-permission android:name="android.permission.RECEIVE_BOOT_COMPLETED" />
32-->[androidx.work:work-runtime:2.7.0] AndroidManifest.xml:27:5-81
32-->[androidx.work:work-runtime:2.7.0] AndroidManifest.xml:27:22-78
33    <uses-permission android:name="android.permission.CHANGE_NETWORK_STATE" />
33-->[com.mapbox.navigator:mapbox-navigation-native:203.0.0] AndroidManifest.xml:10:5-79
33-->[com.mapbox.navigator:mapbox-navigation-native:203.0.0] AndroidManifest.xml:10:22-76
34
35    <uses-feature
35-->[com.mapbox.maps:android-core:10.16.6] AndroidManifest.xml:13:5-15:36
36        android:name="android.hardware.wifi"
36-->[com.mapbox.maps:android-core:10.16.6] AndroidManifest.xml:14:9-45
37        android:required="false" />
37-->[com.mapbox.maps:android-core:10.16.6] AndroidManifest.xml:15:9-33
38
39    <uses-permission android:name="android.permission.ACCESS_WIFI_STATE" />
39-->[com.mapbox.maps:android-core:10.16.6] AndroidManifest.xml:19:5-76
39-->[com.mapbox.maps:android-core:10.16.6] AndroidManifest.xml:19:22-73
40
41    <permission
41-->[androidx.core:core:1.15.0] AndroidManifest.xml:22:5-24:47
42        android:name="com.example.sabayhonorianapp.DYNAMIC_RECEIVER_NOT_EXPORTED_PERMISSION"
42-->[androidx.core:core:1.15.0] AndroidManifest.xml:23:9-81
43        android:protectionLevel="signature" />
43-->[androidx.core:core:1.15.0] AndroidManifest.xml:24:9-44
44
45    <uses-permission android:name="com.example.sabayhonorianapp.DYNAMIC_RECEIVER_NOT_EXPORTED_PERMISSION" />
45-->[androidx.core:core:1.15.0] AndroidManifest.xml:26:5-97
45-->[androidx.core:core:1.15.0] AndroidManifest.xml:26:22-94
46
47    <supports-screens
47-->[org.osmdroid:osmdroid-android:6.1.13] AndroidManifest.xml:9:5-12:40
48        android:anyDensity="true"
48-->[org.osmdroid:osmdroid-android:6.1.13] AndroidManifest.xml:10:9-34
49        android:largeScreens="true"
49-->[org.osmdroid:osmdroid-android:6.1.13] AndroidManifest.xml:11:9-36
50        android:normalScreens="true" />
50-->[org.osmdroid:osmdroid-android:6.1.13] AndroidManifest.xml:12:9-37
51
52    <uses-feature
52-->[org.osmdroid:osmdroid-android:6.1.13] AndroidManifest.xml:14:5-16:36
53        android:name="android.hardware.location.network"
53-->[org.osmdroid:osmdroid-android:6.1.13] AndroidManifest.xml:15:9-57
54        android:required="false" />
54-->[org.osmdroid:osmdroid-android:6.1.13] AndroidManifest.xml:16:9-33
55    <uses-feature
55-->[org.osmdroid:osmdroid-android:6.1.13] AndroidManifest.xml:17:5-19:36
56        android:name="android.hardware.location.gps"
56-->[org.osmdroid:osmdroid-android:6.1.13] AndroidManifest.xml:18:9-53
57        android:required="false" />
57-->[org.osmdroid:osmdroid-android:6.1.13] AndroidManifest.xml:19:9-33
58    <uses-feature
58-->[org.osmdroid:osmdroid-android:6.1.13] AndroidManifest.xml:20:5-22:36
59        android:name="android.hardware.telephony"
59-->[org.osmdroid:osmdroid-android:6.1.13] AndroidManifest.xml:21:9-50
60        android:required="false" />
60-->[org.osmdroid:osmdroid-android:6.1.13] AndroidManifest.xml:22:9-33
61
62    <application
62-->src\main\AndroidManifest.xml:10:5-68:19
63        android:allowBackup="true"
63-->src\main\AndroidManifest.xml:11:9-35
64        android:appComponentFactory="androidx.core.app.CoreComponentFactory"
64-->[androidx.core:core:1.15.0] AndroidManifest.xml:28:18-86
65        android:dataExtractionRules="@xml/data_extraction_rules"
65-->src\main\AndroidManifest.xml:12:9-65
66        android:debuggable="true"
67        android:extractNativeLibs="false"
68        android:fullBackupContent="@xml/backup_rules"
68-->src\main\AndroidManifest.xml:13:9-54
69        android:icon="@drawable/logo"
69-->src\main\AndroidManifest.xml:14:9-38
70        android:label="@string/app_name"
70-->src\main\AndroidManifest.xml:15:9-41
71        android:roundIcon="@drawable/logo"
71-->src\main\AndroidManifest.xml:16:9-43
72        android:supportsRtl="true"
72-->src\main\AndroidManifest.xml:17:9-35
73        android:theme="@style/Theme.SabayHonorianApp" >
73-->src\main\AndroidManifest.xml:18:9-54
74        <activity
74-->src\main\AndroidManifest.xml:20:9-22:40
75            android:name="com.example.sabayhonorianapp.view.AdminActivity"
75-->src\main\AndroidManifest.xml:21:13-47
76            android:exported="false" />
76-->src\main\AndroidManifest.xml:22:13-37
77        <activity
77-->src\main\AndroidManifest.xml:23:9-25:40
78            android:name="com.example.sabayhonorianapp.view.DisplayPaymentActivity"
78-->src\main\AndroidManifest.xml:24:13-56
79            android:exported="false" />
79-->src\main\AndroidManifest.xml:25:13-37
80        <activity
80-->src\main\AndroidManifest.xml:26:9-28:40
81            android:name="com.example.sabayhonorianapp.view.CurrentBookingRideActivity"
81-->src\main\AndroidManifest.xml:27:13-60
82            android:exported="false" />
82-->src\main\AndroidManifest.xml:28:13-37
83        <activity
83-->src\main\AndroidManifest.xml:29:9-31:40
84            android:name="com.example.sabayhonorianapp.view.RideNavigationRide"
84-->src\main\AndroidManifest.xml:30:13-52
85            android:exported="false" />
85-->src\main\AndroidManifest.xml:31:13-37
86        <activity
86-->src\main\AndroidManifest.xml:32:9-34:40
87            android:name="com.example.sabayhonorianapp.MapActivity"
87-->src\main\AndroidManifest.xml:33:13-40
88            android:exported="false" />
88-->src\main\AndroidManifest.xml:34:13-37
89        <activity
89-->src\main\AndroidManifest.xml:35:9-37:40
90            android:name="com.example.sabayhonorianapp.view.CreateRideActivity"
90-->src\main\AndroidManifest.xml:36:13-52
91            android:exported="false" />
91-->src\main\AndroidManifest.xml:37:13-37
92        <activity
92-->src\main\AndroidManifest.xml:38:9-40:40
93            android:name="com.example.sabayhonorianapp.view.ViewPublishRideActivity"
93-->src\main\AndroidManifest.xml:39:13-57
94            android:exported="false" />
94-->src\main\AndroidManifest.xml:40:13-37
95        <activity
95-->src\main\AndroidManifest.xml:41:9-43:40
96            android:name="com.example.sabayhonorianapp.view.RegisterActivity"
96-->src\main\AndroidManifest.xml:42:13-50
97            android:exported="false" />
97-->src\main\AndroidManifest.xml:43:13-37
98        <activity
98-->src\main\AndroidManifest.xml:44:9-46:40
99            android:name="com.example.sabayhonorianapp.view.ConfirmedRideActivity"
99-->src\main\AndroidManifest.xml:45:13-55
100            android:exported="false" />
100-->src\main\AndroidManifest.xml:46:13-37
101        <activity
101-->src\main\AndroidManifest.xml:47:9-49:40
102            android:name="com.example.sabayhonorianapp.view.RideDetailActivity"
102-->src\main\AndroidManifest.xml:48:13-52
103            android:exported="false" />
103-->src\main\AndroidManifest.xml:49:13-37
104        <activity
104-->src\main\AndroidManifest.xml:50:9-52:40
105            android:name="com.example.sabayhonorianapp.view.ViewMessage"
105-->src\main\AndroidManifest.xml:51:13-45
106            android:exported="false" />
106-->src\main\AndroidManifest.xml:52:13-37
107        <activity
107-->src\main\AndroidManifest.xml:53:9-55:40
108            android:name="com.example.sabayhonorianapp.view.HeroActivity"
108-->src\main\AndroidManifest.xml:54:13-46
109            android:exported="false" />
109-->src\main\AndroidManifest.xml:55:13-37
110        <activity
110-->src\main\AndroidManifest.xml:56:9-58:40
111            android:name="com.example.sabayhonorianapp.view.LoginActivity"
111-->src\main\AndroidManifest.xml:57:13-47
112            android:exported="false" />
112-->src\main\AndroidManifest.xml:58:13-37
113        <activity
113-->src\main\AndroidManifest.xml:59:9-67:20
114            android:name="com.example.sabayhonorianapp.MainActivity"
114-->src\main\AndroidManifest.xml:60:13-41
115            android:exported="true" >
115-->src\main\AndroidManifest.xml:61:13-36
116            <intent-filter>
116-->src\main\AndroidManifest.xml:62:13-66:29
117                <action android:name="android.intent.action.MAIN" />
117-->src\main\AndroidManifest.xml:63:17-69
117-->src\main\AndroidManifest.xml:63:25-66
118
119                <category android:name="android.intent.category.LAUNCHER" />
119-->src\main\AndroidManifest.xml:65:17-77
119-->src\main\AndroidManifest.xml:65:27-74
120            </intent-filter>
121        </activity>
122
123        <provider
123-->[com.mapbox.search:mapbox-search-android:1.0.0-rc.6] AndroidManifest.xml:13:9-21:20
124            android:name="androidx.startup.InitializationProvider"
124-->[com.mapbox.search:mapbox-search-android:1.0.0-rc.6] AndroidManifest.xml:14:13-67
125            android:authorities="com.example.sabayhonorianapp.androidx-startup"
125-->[com.mapbox.search:mapbox-search-android:1.0.0-rc.6] AndroidManifest.xml:15:13-68
126            android:exported="false" >
126-->[com.mapbox.search:mapbox-search-android:1.0.0-rc.6] AndroidManifest.xml:16:13-37
127            <meta-data
127-->[com.mapbox.search:mapbox-search-android:1.0.0-rc.6] AndroidManifest.xml:18:13-20:52
128                android:name="com.mapbox.search.MapboxSearchSdkInitializer"
128-->[com.mapbox.search:mapbox-search-android:1.0.0-rc.6] AndroidManifest.xml:19:17-76
129                android:value="androidx.startup" />
129-->[com.mapbox.search:mapbox-search-android:1.0.0-rc.6] AndroidManifest.xml:20:17-49
130            <meta-data
130-->[com.mapbox.search:base:1.0.0-rc.6] AndroidManifest.xml:18:13-20:52
131                android:name="com.mapbox.search.base.BaseSearchSdkInitializer"
131-->[com.mapbox.search:base:1.0.0-rc.6] AndroidManifest.xml:19:17-79
132                android:value="androidx.startup" />
132-->[com.mapbox.search:base:1.0.0-rc.6] AndroidManifest.xml:20:17-49
133            <meta-data
133-->[com.mapbox.navigation:core:2.19.0] AndroidManifest.xml:24:13-26:52
134                android:name="com.mapbox.navigation.core.internal.MapboxNavigationSDKInitializer"
134-->[com.mapbox.navigation:core:2.19.0] AndroidManifest.xml:25:17-98
135                android:value="androidx.startup" />
135-->[com.mapbox.navigation:core:2.19.0] AndroidManifest.xml:26:17-49
136            <meta-data
136-->[androidx.emoji2:emoji2:1.3.0] AndroidManifest.xml:29:13-31:52
137                android:name="androidx.emoji2.text.EmojiCompatInitializer"
137-->[androidx.emoji2:emoji2:1.3.0] AndroidManifest.xml:30:17-75
138                android:value="androidx.startup" />
138-->[androidx.emoji2:emoji2:1.3.0] AndroidManifest.xml:31:17-49
139            <meta-data
139-->[androidx.work:work-runtime:2.7.0] AndroidManifest.xml:36:13-38:52
140                android:name="androidx.work.WorkManagerInitializer"
140-->[androidx.work:work-runtime:2.7.0] AndroidManifest.xml:37:17-68
141                android:value="androidx.startup" />
141-->[androidx.work:work-runtime:2.7.0] AndroidManifest.xml:38:17-49
142            <meta-data
142-->[androidx.lifecycle:lifecycle-process:2.6.2] AndroidManifest.xml:29:13-31:52
143                android:name="androidx.lifecycle.ProcessLifecycleInitializer"
143-->[androidx.lifecycle:lifecycle-process:2.6.2] AndroidManifest.xml:30:17-78
144                android:value="androidx.startup" /> <!-- This entry makes MapboxNavigationNativeInitializer discoverable. -->
144-->[androidx.lifecycle:lifecycle-process:2.6.2] AndroidManifest.xml:31:17-49
145            <meta-data
145-->[com.mapbox.navigator:mapbox-navigation-native:203.0.0] AndroidManifest.xml:20:13-22:52
146                android:name="com.mapbox.navigator.MapboxNavigationNativeInitializer"
146-->[com.mapbox.navigator:mapbox-navigation-native:203.0.0] AndroidManifest.xml:21:17-86
147                android:value="androidx.startup" />
147-->[com.mapbox.navigator:mapbox-navigation-native:203.0.0] AndroidManifest.xml:22:17-49
148            <meta-data
148-->[com.mapbox.maps:android-core:10.16.6] AndroidManifest.xml:27:13-29:52
149                android:name="com.mapbox.maps.loader.MapboxMapsInitializer"
149-->[com.mapbox.maps:android-core:10.16.6] AndroidManifest.xml:28:17-76
150                android:value="androidx.startup" /> <!-- This entry makes MapboxSDKCommonInitializer discoverable. -->
150-->[com.mapbox.maps:android-core:10.16.6] AndroidManifest.xml:29:17-49
151            <meta-data
151-->[com.mapbox.common:common:23.9.1] AndroidManifest.xml:21:13-23:52
152                android:name="com.mapbox.common.MapboxSDKCommonInitializer"
152-->[com.mapbox.common:common:23.9.1] AndroidManifest.xml:22:17-76
153                android:value="androidx.startup" />
153-->[com.mapbox.common:common:23.9.1] AndroidManifest.xml:23:17-49
154            <meta-data
154-->[androidx.profileinstaller:profileinstaller:1.3.1] AndroidManifest.xml:29:13-31:52
155                android:name="androidx.profileinstaller.ProfileInstallerInitializer"
155-->[androidx.profileinstaller:profileinstaller:1.3.1] AndroidManifest.xml:30:17-85
156                android:value="androidx.startup" />
156-->[androidx.profileinstaller:profileinstaller:1.3.1] AndroidManifest.xml:31:17-49
157        </provider>
158
159        <activity
159-->[com.google.firebase:firebase-auth:23.0.0] AndroidManifest.xml:29:9-46:20
160            android:name="com.google.firebase.auth.internal.GenericIdpActivity"
160-->[com.google.firebase:firebase-auth:23.0.0] AndroidManifest.xml:30:13-80
161            android:excludeFromRecents="true"
161-->[com.google.firebase:firebase-auth:23.0.0] AndroidManifest.xml:31:13-46
162            android:exported="true"
162-->[com.google.firebase:firebase-auth:23.0.0] AndroidManifest.xml:32:13-36
163            android:launchMode="singleTask"
163-->[com.google.firebase:firebase-auth:23.0.0] AndroidManifest.xml:33:13-44
164            android:theme="@android:style/Theme.Translucent.NoTitleBar" >
164-->[com.google.firebase:firebase-auth:23.0.0] AndroidManifest.xml:34:13-72
165            <intent-filter>
165-->[com.google.firebase:firebase-auth:23.0.0] AndroidManifest.xml:35:13-45:29
166                <action android:name="android.intent.action.VIEW" />
166-->[com.google.firebase:firebase-auth:23.0.0] AndroidManifest.xml:36:17-69
166-->[com.google.firebase:firebase-auth:23.0.0] AndroidManifest.xml:36:25-66
167
168                <category android:name="android.intent.category.DEFAULT" />
168-->[com.google.firebase:firebase-auth:23.0.0] AndroidManifest.xml:38:17-76
168-->[com.google.firebase:firebase-auth:23.0.0] AndroidManifest.xml:38:27-73
169                <category android:name="android.intent.category.BROWSABLE" />
169-->[com.google.firebase:firebase-auth:23.0.0] AndroidManifest.xml:39:17-78
169-->[com.google.firebase:firebase-auth:23.0.0] AndroidManifest.xml:39:27-75
170
171                <data
171-->[com.google.firebase:firebase-auth:23.0.0] AndroidManifest.xml:41:17-44:51
172                    android:host="firebase.auth"
172-->[com.google.firebase:firebase-auth:23.0.0] AndroidManifest.xml:42:21-49
173                    android:path="/"
173-->[com.google.firebase:firebase-auth:23.0.0] AndroidManifest.xml:43:21-37
174                    android:scheme="genericidp" />
174-->[com.google.firebase:firebase-auth:23.0.0] AndroidManifest.xml:44:21-48
175            </intent-filter>
176        </activity>
177        <activity
177-->[com.google.firebase:firebase-auth:23.0.0] AndroidManifest.xml:47:9-64:20
178            android:name="com.google.firebase.auth.internal.RecaptchaActivity"
178-->[com.google.firebase:firebase-auth:23.0.0] AndroidManifest.xml:48:13-79
179            android:excludeFromRecents="true"
179-->[com.google.firebase:firebase-auth:23.0.0] AndroidManifest.xml:49:13-46
180            android:exported="true"
180-->[com.google.firebase:firebase-auth:23.0.0] AndroidManifest.xml:50:13-36
181            android:launchMode="singleTask"
181-->[com.google.firebase:firebase-auth:23.0.0] AndroidManifest.xml:51:13-44
182            android:theme="@android:style/Theme.Translucent.NoTitleBar" >
182-->[com.google.firebase:firebase-auth:23.0.0] AndroidManifest.xml:52:13-72
183            <intent-filter>
183-->[com.google.firebase:firebase-auth:23.0.0] AndroidManifest.xml:53:13-63:29
184                <action android:name="android.intent.action.VIEW" />
184-->[com.google.firebase:firebase-auth:23.0.0] AndroidManifest.xml:36:17-69
184-->[com.google.firebase:firebase-auth:23.0.0] AndroidManifest.xml:36:25-66
185
186                <category android:name="android.intent.category.DEFAULT" />
186-->[com.google.firebase:firebase-auth:23.0.0] AndroidManifest.xml:38:17-76
186-->[com.google.firebase:firebase-auth:23.0.0] AndroidManifest.xml:38:27-73
187                <category android:name="android.intent.category.BROWSABLE" />
187-->[com.google.firebase:firebase-auth:23.0.0] AndroidManifest.xml:39:17-78
187-->[com.google.firebase:firebase-auth:23.0.0] AndroidManifest.xml:39:27-75
188
189                <data
189-->[com.google.firebase:firebase-auth:23.0.0] AndroidManifest.xml:41:17-44:51
190                    android:host="firebase.auth"
190-->[com.google.firebase:firebase-auth:23.0.0] AndroidManifest.xml:42:21-49
191                    android:path="/"
191-->[com.google.firebase:firebase-auth:23.0.0] AndroidManifest.xml:43:21-37
192                    android:scheme="recaptcha" />
192-->[com.google.firebase:firebase-auth:23.0.0] AndroidManifest.xml:44:21-48
193            </intent-filter>
194        </activity>
195
196        <service
196-->[com.google.firebase:firebase-auth:23.0.0] AndroidManifest.xml:66:9-72:19
197            android:name="com.google.firebase.components.ComponentDiscoveryService"
197-->[com.google.firebase:firebase-auth:23.0.0] AndroidManifest.xml:67:13-84
198            android:directBootAware="true"
198-->[com.google.firebase:firebase-common:21.0.0] AndroidManifest.xml:32:13-43
199            android:exported="false" >
199-->[com.google.firebase:firebase-auth:23.0.0] AndroidManifest.xml:68:13-37
200            <meta-data
200-->[com.google.firebase:firebase-auth:23.0.0] AndroidManifest.xml:69:13-71:85
201                android:name="com.google.firebase.components:com.google.firebase.auth.FirebaseAuthRegistrar"
201-->[com.google.firebase:firebase-auth:23.0.0] AndroidManifest.xml:70:17-109
202                android:value="com.google.firebase.components.ComponentRegistrar" />
202-->[com.google.firebase:firebase-auth:23.0.0] AndroidManifest.xml:71:17-82
203            <meta-data
203-->[com.google.firebase:firebase-firestore:25.0.0] AndroidManifest.xml:17:13-19:85
204                android:name="com.google.firebase.components:com.google.firebase.firestore.FirebaseFirestoreKtxRegistrar"
204-->[com.google.firebase:firebase-firestore:25.0.0] AndroidManifest.xml:18:17-122
205                android:value="com.google.firebase.components.ComponentRegistrar" />
205-->[com.google.firebase:firebase-firestore:25.0.0] AndroidManifest.xml:19:17-82
206            <meta-data
206-->[com.google.firebase:firebase-firestore:25.0.0] AndroidManifest.xml:20:13-22:85
207                android:name="com.google.firebase.components:com.google.firebase.firestore.FirestoreRegistrar"
207-->[com.google.firebase:firebase-firestore:25.0.0] AndroidManifest.xml:21:17-111
208                android:value="com.google.firebase.components.ComponentRegistrar" />
208-->[com.google.firebase:firebase-firestore:25.0.0] AndroidManifest.xml:22:17-82
209            <meta-data
209-->[com.google.firebase:firebase-appcheck-playintegrity:18.0.0] AndroidManifest.xml:25:13-27:85
210                android:name="com.google.firebase.components:com.google.firebase.appcheck.playintegrity.FirebaseAppCheckPlayIntegrityRegistrar"
210-->[com.google.firebase:firebase-appcheck-playintegrity:18.0.0] AndroidManifest.xml:26:17-144
211                android:value="com.google.firebase.components.ComponentRegistrar" />
211-->[com.google.firebase:firebase-appcheck-playintegrity:18.0.0] AndroidManifest.xml:27:17-82
212            <meta-data
212-->[com.google.firebase:firebase-storage:21.0.0] AndroidManifest.xml:30:13-32:85
213                android:name="com.google.firebase.components:com.google.firebase.storage.FirebaseStorageKtxRegistrar"
213-->[com.google.firebase:firebase-storage:21.0.0] AndroidManifest.xml:31:17-118
214                android:value="com.google.firebase.components.ComponentRegistrar" />
214-->[com.google.firebase:firebase-storage:21.0.0] AndroidManifest.xml:32:17-82
215            <meta-data
215-->[com.google.firebase:firebase-storage:21.0.0] AndroidManifest.xml:33:13-35:85
216                android:name="com.google.firebase.components:com.google.firebase.storage.StorageRegistrar"
216-->[com.google.firebase:firebase-storage:21.0.0] AndroidManifest.xml:34:17-107
217                android:value="com.google.firebase.components.ComponentRegistrar" />
217-->[com.google.firebase:firebase-storage:21.0.0] AndroidManifest.xml:35:17-82
218            <meta-data
218-->[com.google.firebase:firebase-appcheck:18.0.0] AndroidManifest.xml:25:13-27:85
219                android:name="com.google.firebase.components:com.google.firebase.appcheck.FirebaseAppCheckKtxRegistrar"
219-->[com.google.firebase:firebase-appcheck:18.0.0] AndroidManifest.xml:26:17-120
220                android:value="com.google.firebase.components.ComponentRegistrar" />
220-->[com.google.firebase:firebase-appcheck:18.0.0] AndroidManifest.xml:27:17-82
221            <meta-data
221-->[com.google.firebase:firebase-appcheck:18.0.0] AndroidManifest.xml:28:13-30:85
222                android:name="com.google.firebase.components:com.google.firebase.appcheck.FirebaseAppCheckRegistrar"
222-->[com.google.firebase:firebase-appcheck:18.0.0] AndroidManifest.xml:29:17-117
223                android:value="com.google.firebase.components.ComponentRegistrar" />
223-->[com.google.firebase:firebase-appcheck:18.0.0] AndroidManifest.xml:30:17-82
224            <meta-data
224-->[com.google.firebase:firebase-common-ktx:21.0.0] AndroidManifest.xml:12:13-14:85
225                android:name="com.google.firebase.components:com.google.firebase.ktx.FirebaseCommonLegacyRegistrar"
225-->[com.google.firebase:firebase-common-ktx:21.0.0] AndroidManifest.xml:13:17-116
226                android:value="com.google.firebase.components.ComponentRegistrar" />
226-->[com.google.firebase:firebase-common-ktx:21.0.0] AndroidManifest.xml:14:17-82
227            <meta-data
227-->[com.google.firebase:firebase-common:21.0.0] AndroidManifest.xml:35:13-37:85
228                android:name="com.google.firebase.components:com.google.firebase.FirebaseCommonKtxRegistrar"
228-->[com.google.firebase:firebase-common:21.0.0] AndroidManifest.xml:36:17-109
229                android:value="com.google.firebase.components.ComponentRegistrar" />
229-->[com.google.firebase:firebase-common:21.0.0] AndroidManifest.xml:37:17-82
230        </service> <!-- Needs to be explicitly declared on P+ -->
231        <uses-library
231-->[com.google.android.gms:play-services-maps:19.0.0] AndroidManifest.xml:39:9-41:40
232            android:name="org.apache.http.legacy"
232-->[com.google.android.gms:play-services-maps:19.0.0] AndroidManifest.xml:40:13-50
233            android:required="false" />
233-->[com.google.android.gms:play-services-maps:19.0.0] AndroidManifest.xml:41:13-37
234
235        <service
235-->[com.mapbox.navigation:core:2.19.0] AndroidManifest.xml:29:9-31:56
236            android:name="com.mapbox.navigation.core.trip.service.NavigationNotificationService"
236-->[com.mapbox.navigation:core:2.19.0] AndroidManifest.xml:30:13-97
237            android:foregroundServiceType="location" />
237-->[com.mapbox.navigation:core:2.19.0] AndroidManifest.xml:31:13-53
238        <service
238-->[androidx.credentials:credentials-play-services-auth:1.2.0-rc01] AndroidManifest.xml:24:9-32:19
239            android:name="androidx.credentials.playservices.CredentialProviderMetadataHolder"
239-->[androidx.credentials:credentials-play-services-auth:1.2.0-rc01] AndroidManifest.xml:25:13-94
240            android:enabled="true"
240-->[androidx.credentials:credentials-play-services-auth:1.2.0-rc01] AndroidManifest.xml:26:13-35
241            android:exported="false" >
241-->[androidx.credentials:credentials-play-services-auth:1.2.0-rc01] AndroidManifest.xml:27:13-37
242            <meta-data
242-->[androidx.credentials:credentials-play-services-auth:1.2.0-rc01] AndroidManifest.xml:29:13-31:104
243                android:name="androidx.credentials.CREDENTIAL_PROVIDER_KEY"
243-->[androidx.credentials:credentials-play-services-auth:1.2.0-rc01] AndroidManifest.xml:30:17-76
244                android:value="androidx.credentials.playservices.CredentialProviderPlayServicesImpl" />
244-->[androidx.credentials:credentials-play-services-auth:1.2.0-rc01] AndroidManifest.xml:31:17-101
245        </service>
246
247        <activity
247-->[androidx.credentials:credentials-play-services-auth:1.2.0-rc01] AndroidManifest.xml:34:9-41:20
248            android:name="androidx.credentials.playservices.HiddenActivity"
248-->[androidx.credentials:credentials-play-services-auth:1.2.0-rc01] AndroidManifest.xml:35:13-76
249            android:configChanges="orientation|screenSize|screenLayout|keyboardHidden"
249-->[androidx.credentials:credentials-play-services-auth:1.2.0-rc01] AndroidManifest.xml:36:13-87
250            android:enabled="true"
250-->[androidx.credentials:credentials-play-services-auth:1.2.0-rc01] AndroidManifest.xml:37:13-35
251            android:exported="false"
251-->[androidx.credentials:credentials-play-services-auth:1.2.0-rc01] AndroidManifest.xml:38:13-37
252            android:fitsSystemWindows="true"
252-->[androidx.credentials:credentials-play-services-auth:1.2.0-rc01] AndroidManifest.xml:39:13-45
253            android:theme="@style/Theme.Hidden" >
253-->[androidx.credentials:credentials-play-services-auth:1.2.0-rc01] AndroidManifest.xml:40:13-48
254        </activity>
255        <activity
255-->[com.google.android.gms:play-services-auth:20.7.0] AndroidManifest.xml:23:9-27:75
256            android:name="com.google.android.gms.auth.api.signin.internal.SignInHubActivity"
256-->[com.google.android.gms:play-services-auth:20.7.0] AndroidManifest.xml:24:13-93
257            android:excludeFromRecents="true"
257-->[com.google.android.gms:play-services-auth:20.7.0] AndroidManifest.xml:25:13-46
258            android:exported="false"
258-->[com.google.android.gms:play-services-auth:20.7.0] AndroidManifest.xml:26:13-37
259            android:theme="@android:style/Theme.Translucent.NoTitleBar" />
259-->[com.google.android.gms:play-services-auth:20.7.0] AndroidManifest.xml:27:13-72
260        <!--
261            Service handling Google Sign-In user revocation. For apps that do not integrate with
262            Google Sign-In, this service will never be started.
263        -->
264        <service
264-->[com.google.android.gms:play-services-auth:20.7.0] AndroidManifest.xml:33:9-37:51